<?xml version="1.0" encoding="UTF-8"?>
<testsuites name="Filtering" time="8.722" tests="1" failures="0" errors="0">
   <testsuite name="Filtering" tests="1" failures="0" errors="0" time="8.722" skipped="0" timestamp="14-03-2025T14:04:12" hostname="capybara - localhost" id="Test Suites/Filtering">
      <properties>
         <property name="deviceName" value=""/>
         <property name="devicePlatform"/>
         <property name="logFolder" value="/Users/capybara/git/Certificate-Katalon/Reports/20250314_140407/Filtering/20250314_140407"/>
         <property name="logFiles" value="/Users/capybara/git/Certificate-Katalon/Reports/20250314_140407/Filtering/20250314_140407/execution0.log"/>
         <property name="attachments" value=""/>
         <property name="hostName" value="capybara - localhost"/>
         <property name="os" value="Mac OS X 64bit"/>
         <property name="katalonVersion" value="10.1.0.223"/>
         <property name="browser" value="Chrome 134.0.6998.89"/>
         <property name="hostAddress" value="127.0.0.1"/>
         <property name="sessionId" value="82f75aec2df270993e03910ebdef9587"/>
         <property name="seleniumVersion" value="4.22.0"/>
         <property name="proxyInformation" value="ProxyInformation { proxyOption=NO_PROXY, proxyServerType=HTTP, username=, password=********, proxyServerAddress=, proxyServerPort=0, executionList=&quot;&quot;, isApplyToDesiredCapabilities=true }"/>
         <property name="platform" value="Mac OS X"/>
      </properties>
      <testcase name="Test Cases/TS014-Filtering saucedemo" time="8.637" classname="Test Cases/TS014-Filtering saucedemo" status="PASSED">
         <system-out><![CDATA[14-03-2025T14:04:12 - [TEST_CASE][PASSED] - Test Cases/TS014-Filtering saucedemo: Test Cases/TS014-Filtering saucedemo

14-03-2025T14:04:12 - [TEST_STEP][PASSED] - openBrowser(""): Browser is opened with url: ''

14-03-2025T14:04:12 - [MESSAGE][INFO] - Starting 'Chrome' driver

14-03-2025T14:04:12 - [MESSAGE][INFO] - Action delay is set to 0 milliseconds

14-03-2025T14:04:16 - [MESSAGE][PASSED] - Browser is opened with url: ''

14-03-2025T14:04:16 - [TEST_STEP][PASSED] - navigateToUrl("https://www.saucedemo.com/"): Navigate to 'https://www.saucedemo.com/' successfully

14-03-2025T14:04:17 - [MESSAGE][PASSED] - Navigate to 'https://www.saucedemo.com/' successfully

14-03-2025T14:04:17 - [TEST_STEP][PASSED] - setText(findTestObject("Object Repository/Page_Swag Labs/input_Swag Labs_user-name"), "standard_user"): Text 'standard_user' is set on object 'Object Repository/Page_Swag Labs/input_Swag Labs_user-name'

14-03-2025T14:04:19 - [MESSAGE][PASSED] - Text 'standard_user' is set on object 'Object Repository/Page_Swag Labs/input_Swag Labs_user-name'

14-03-2025T14:04:19 - [TEST_STEP][PASSED] - setText(findTestObject("Object Repository/Page_Swag Labs/input_Swag Labs_password"), "secret_sauce"): Text 'secret_sauce' is set on object 'Object Repository/Page_Swag Labs/input_Swag Labs_password'

14-03-2025T14:04:19 - [MESSAGE][PASSED] - Text 'secret_sauce' is set on object 'Object Repository/Page_Swag Labs/input_Swag Labs_password'

14-03-2025T14:04:19 - [TEST_STEP][PASSED] - click(findTestObject("Object Repository/Page_Swag Labs/input_Swag Labs_login-button")): Object: 'Object Repository/Page_Swag Labs/input_Swag Labs_login-button' is clicked on

14-03-2025T14:04:20 - [MESSAGE][PASSED] - Object: 'Object Repository/Page_Swag Labs/input_Swag Labs_login-button' is clicked on

14-03-2025T14:04:20 - [TEST_STEP][PASSED] - click(findTestObject("Object Repository/Page_Swag Labs/span_Name (A to Z)Name (A to Z)Name (Z to A_3f2346")): Object: 'Object Repository/Page_Swag Labs/span_Name (A to Z)Name (A to Z)Name (Z to A_3f2346' is clicked on

14-03-2025T14:04:20 - [MESSAGE][PASSED] - Object: 'Object Repository/Page_Swag Labs/span_Name (A to Z)Name (A to Z)Name (Z to A_3f2346' is clicked on

14-03-2025T14:04:20 - [TEST_STEP][PASSED] - selectOptionByValue(findTestObject("Object Repository/Page_Swag Labs/select_Name (A to Z)Name (Z to A)Price (low_f7e90a"), "za", false): All options with value 'za' are selected in object 'Object Repository/Page_Swag Labs/select_Name (A to Z)Name (Z to A)Price (low_f7e90a' 

14-03-2025T14:04:21 - [MESSAGE][PASSED] - All options with value 'za' are selected in object 'Object Repository/Page_Swag Labs/select_Name (A to Z)Name (Z to A)Price (low_f7e90a']]></system-out>
         <system-err><![CDATA[]]></system-err>
      </testcase>
      <system-out><![CDATA[14-03-2025T14:04:12 - [TEST_SUITE][PASSED] - Filtering: Test Cases/TS014-Filtering saucedemo]]></system-out>
      <system-err><![CDATA[]]></system-err>
   </testsuite>
</testsuites>
