<?xml version="1.0" encoding="UTF-8"?>
<testsuites name="TS001-005" time="32.854" tests="5" failures="0" errors="0">
   <testsuite name="TS001-005" tests="5" failures="0" errors="0" time="32.854" skipped="0" timestamp="13-03-2025T16:42:20" hostname="capybara - localhost" id="Test Suites/Test/TS001-005">
      <properties>
         <property name="deviceName" value=""/>
         <property name="devicePlatform"/>
         <property name="logFolder" value="/Users/capybara/git/Certificate-Katalon/Reports/20250313_164215/Test/TS001-005/20250313_164215"/>
         <property name="logFiles" value="/Users/capybara/git/Certificate-Katalon/Reports/20250313_164215/Test/TS001-005/20250313_164215/execution0.log"/>
         <property name="attachments" value=""/>
         <property name="hostName" value="capybara - localhost"/>
         <property name="os" value="Mac OS X 64bit"/>
         <property name="katalonVersion" value="10.1.0.223"/>
         <property name="browser" value="Chrome 134.0.6998.89"/>
         <property name="hostAddress" value="127.0.0.1"/>
         <property name="sessionId" value="2acd14eb6fe9d0a55aef674930dc231a"/>
         <property name="seleniumVersion" value="4.22.0"/>
         <property name="proxyInformation" value="ProxyInformation { proxyOption=NO_PROXY, proxyServerType=HTTP, username=, password=********, proxyServerAddress=, proxyServerPort=0, executionList=&quot;&quot;, isApplyToDesiredCapabilities=true }"/>
         <property name="platform" value="Mac OS X"/>
      </properties>
      <testcase name="Test Cases/TS001-Login" time="7.381" classname="Test Cases/TS001-Login" status="PASSED">
         <system-out><![CDATA[13-03-2025T16:42:20 - [TEST_CASE][PASSED] - Test Cases/TS001-Login: Test Cases/TS001-Login

13-03-2025T16:42:20 - [TEST_STEP][PASSED] - openBrowser(""): Browser is opened with url: ''

13-03-2025T16:42:20 - [MESSAGE][INFO] - Starting 'Chrome' driver

13-03-2025T16:42:20 - [MESSAGE][INFO] - Action delay is set to 0 milliseconds

13-03-2025T16:42:24 - [MESSAGE][PASSED] - Browser is opened with url: ''

13-03-2025T16:42:24 - [TEST_STEP][PASSED] - navigateToUrl("https://www.saucedemo.com/"): Navigate to 'https://www.saucedemo.com/' successfully

13-03-2025T16:42:24 - [MESSAGE][PASSED] - Navigate to 'https://www.saucedemo.com/' successfully

13-03-2025T16:42:24 - [TEST_STEP][PASSED] - setText(findTestObject("Object Repository/Page_Swag Labs/input_Swag Labs_user-name"), "standard_user"): Text 'standard_user' is set on object 'Object Repository/Page_Swag Labs/input_Swag Labs_user-name'

13-03-2025T16:42:26 - [MESSAGE][PASSED] - Text 'standard_user' is set on object 'Object Repository/Page_Swag Labs/input_Swag Labs_user-name'

13-03-2025T16:42:26 - [TEST_STEP][PASSED] - setText(findTestObject("Object Repository/Page_Swag Labs/input_Swag Labs_password"), "secret_sauce"): Text 'secret_sauce' is set on object 'Object Repository/Page_Swag Labs/input_Swag Labs_password'

13-03-2025T16:42:27 - [MESSAGE][PASSED] - Text 'secret_sauce' is set on object 'Object Repository/Page_Swag Labs/input_Swag Labs_password'

13-03-2025T16:42:27 - [TEST_STEP][PASSED] - click(findTestObject("Object Repository/Page_Swag Labs/input_Swag Labs_login-button")): Object: 'Object Repository/Page_Swag Labs/input_Swag Labs_login-button' is clicked on

13-03-2025T16:42:27 - [MESSAGE][PASSED] - Object: 'Object Repository/Page_Swag Labs/input_Swag Labs_login-button' is clicked on

13-03-2025T16:42:27 - [TEST_STEP][PASSED] - verifyElementPresent(findTestObject("Object Repository/Page_Swag Labs/span_Products"), 0): Object 'Object Repository/Page_Swag Labs/span_Products' is present

13-03-2025T16:42:27 - [MESSAGE][WARNING] - Timeout '0' is invalid. Using default page load timeout: '30'

13-03-2025T16:42:27 - [MESSAGE][PASSED] - Object 'Object Repository/Page_Swag Labs/span_Products' is present]]></system-out>
         <system-err><![CDATA[]]></system-err>
      </testcase>
      <testcase name="Test Cases/TS002-Addtocart Saucedemo" time="4.811" classname="Test Cases/TS002-Addtocart Saucedemo" status="PASSED">
         <system-out><![CDATA[13-03-2025T16:42:27 - [TEST_CASE][PASSED] - Test Cases/TS002-Addtocart Saucedemo: Test Cases/TS002-Addtocart Saucedemo

13-03-2025T16:42:27 - [TEST_STEP][PASSED] - openBrowser(""): Browser is opened with url: ''

13-03-2025T16:42:27 - [MESSAGE][WARNING] - A browser is already opened. Closing browser and opening a new one

13-03-2025T16:42:28 - [MESSAGE][INFO] - Starting 'Chrome' driver

13-03-2025T16:42:28 - [MESSAGE][INFO] - Action delay is set to 0 milliseconds

13-03-2025T16:42:29 - [MESSAGE][PASSED] - Browser is opened with url: ''

13-03-2025T16:42:29 - [TEST_STEP][PASSED] - navigateToUrl("https://www.saucedemo.com/"): Navigate to 'https://www.saucedemo.com/' successfully

13-03-2025T16:42:29 - [MESSAGE][PASSED] - Navigate to 'https://www.saucedemo.com/' successfully

13-03-2025T16:42:29 - [TEST_STEP][PASSED] - setText(findTestObject("Object Repository/Page_Swag Labs/input_Swag Labs_user-name"), "standard_user"): Text 'standard_user' is set on object 'Object Repository/Page_Swag Labs/input_Swag Labs_user-name'

13-03-2025T16:42:31 - [MESSAGE][PASSED] - Text 'standard_user' is set on object 'Object Repository/Page_Swag Labs/input_Swag Labs_user-name'

13-03-2025T16:42:31 - [TEST_STEP][PASSED] - setText(findTestObject("Object Repository/Page_Swag Labs/input_Swag Labs_password"), "secret_sauce"): Text 'secret_sauce' is set on object 'Object Repository/Page_Swag Labs/input_Swag Labs_password'

13-03-2025T16:42:31 - [MESSAGE][PASSED] - Text 'secret_sauce' is set on object 'Object Repository/Page_Swag Labs/input_Swag Labs_password'

13-03-2025T16:42:31 - [TEST_STEP][PASSED] - click(findTestObject("Object Repository/Page_Swag Labs/input_Swag Labs_login-button")): Object: 'Object Repository/Page_Swag Labs/input_Swag Labs_login-button' is clicked on

13-03-2025T16:42:32 - [MESSAGE][PASSED] - Object: 'Object Repository/Page_Swag Labs/input_Swag Labs_login-button' is clicked on

13-03-2025T16:42:32 - [TEST_STEP][PASSED] - click(findTestObject("Object Repository/Page_Swag Labs/button_Add to cart")): Object: 'Object Repository/Page_Swag Labs/button_Add to cart' is clicked on

13-03-2025T16:42:32 - [MESSAGE][PASSED] - Object: 'Object Repository/Page_Swag Labs/button_Add to cart' is clicked on

13-03-2025T16:42:32 - [TEST_STEP][PASSED] - closeBrowser(): Browser is closed

13-03-2025T16:42:32 - [MESSAGE][PASSED] - Browser is closed]]></system-out>
         <system-err><![CDATA[]]></system-err>
      </testcase>
      <testcase name="Test Cases/TS003-Payment saucedemo" time="9.821" classname="Test Cases/TS003-Payment saucedemo" status="PASSED">
         <system-out><![CDATA[13-03-2025T16:42:32 - [TEST_CASE][PASSED] - Test Cases/TS003-Payment saucedemo: Test Cases/TS003-Payment saucedemo

13-03-2025T16:42:32 - [TEST_STEP][PASSED] - openBrowser(""): Browser is opened with url: ''

13-03-2025T16:42:32 - [MESSAGE][INFO] - Starting 'Chrome' driver

13-03-2025T16:42:32 - [MESSAGE][INFO] - Action delay is set to 0 milliseconds

13-03-2025T16:42:33 - [MESSAGE][PASSED] - Browser is opened with url: ''

13-03-2025T16:42:33 - [TEST_STEP][PASSED] - navigateToUrl("https://www.saucedemo.com/"): Navigate to 'https://www.saucedemo.com/' successfully

13-03-2025T16:42:34 - [MESSAGE][PASSED] - Navigate to 'https://www.saucedemo.com/' successfully

13-03-2025T16:42:34 - [TEST_STEP][PASSED] - click(findTestObject("Object Repository/Page_Swag Labs/input_Swag Labs_user-name")): Object: 'Object Repository/Page_Swag Labs/input_Swag Labs_user-name' is clicked on

13-03-2025T16:42:35 - [MESSAGE][PASSED] - Object: 'Object Repository/Page_Swag Labs/input_Swag Labs_user-name' is clicked on

13-03-2025T16:42:35 - [TEST_STEP][PASSED] - setText(findTestObject("Object Repository/Page_Swag Labs/input_Swag Labs_user-name"), "standard_user"): Text 'standard_user' is set on object 'Object Repository/Page_Swag Labs/input_Swag Labs_user-name'

13-03-2025T16:42:36 - [MESSAGE][PASSED] - Text 'standard_user' is set on object 'Object Repository/Page_Swag Labs/input_Swag Labs_user-name'

13-03-2025T16:42:36 - [TEST_STEP][PASSED] - click(findTestObject("Object Repository/Page_Swag Labs/input_Swag Labs_password")): Object: 'Object Repository/Page_Swag Labs/input_Swag Labs_password' is clicked on

13-03-2025T16:42:36 - [MESSAGE][PASSED] - Object: 'Object Repository/Page_Swag Labs/input_Swag Labs_password' is clicked on

13-03-2025T16:42:36 - [TEST_STEP][PASSED] - setText(findTestObject("Object Repository/Page_Swag Labs/input_Swag Labs_password"), "secret_sauce"): Text 'secret_sauce' is set on object 'Object Repository/Page_Swag Labs/input_Swag Labs_password'

13-03-2025T16:42:37 - [MESSAGE][PASSED] - Text 'secret_sauce' is set on object 'Object Repository/Page_Swag Labs/input_Swag Labs_password'

13-03-2025T16:42:37 - [TEST_STEP][PASSED] - click(findTestObject("Object Repository/Page_Swag Labs/input_Swag Labs_login-button")): Object: 'Object Repository/Page_Swag Labs/input_Swag Labs_login-button' is clicked on

13-03-2025T16:42:37 - [MESSAGE][PASSED] - Object: 'Object Repository/Page_Swag Labs/input_Swag Labs_login-button' is clicked on

13-03-2025T16:42:37 - [TEST_STEP][PASSED] - click(findTestObject("Object Repository/Page_Swag Labs/button_Add to cart")): Object: 'Object Repository/Page_Swag Labs/button_Add to cart' is clicked on

13-03-2025T16:42:37 - [MESSAGE][PASSED] - Object: 'Object Repository/Page_Swag Labs/button_Add to cart' is clicked on

13-03-2025T16:42:37 - [TEST_STEP][PASSED] - doubleClick(findTestObject("Object Repository/Page_Swag Labs/a_1")): Object: 'Object Repository/Page_Swag Labs/a_1' is double clicked on

13-03-2025T16:42:38 - [MESSAGE][PASSED] - Object: 'Object Repository/Page_Swag Labs/a_1' is double clicked on

13-03-2025T16:42:38 - [TEST_STEP][PASSED] - click(findTestObject("Object Repository/Page_Swag Labs/button_Checkout")): Object: 'Object Repository/Page_Swag Labs/button_Checkout' is clicked on

13-03-2025T16:42:38 - [MESSAGE][PASSED] - Object: 'Object Repository/Page_Swag Labs/button_Checkout' is clicked on

13-03-2025T16:42:38 - [TEST_STEP][PASSED] - setText(findTestObject("Object Repository/Page_Swag Labs/input_Checkout Your Information_firstName"), "Trian"): Text 'Trian' is set on object 'Object Repository/Page_Swag Labs/input_Checkout Your Information_firstName'

13-03-2025T16:42:39 - [MESSAGE][PASSED] - Text 'Trian' is set on object 'Object Repository/Page_Swag Labs/input_Checkout Your Information_firstName'

13-03-2025T16:42:39 - [TEST_STEP][PASSED] - setText(findTestObject("Object Repository/Page_Swag Labs/input_Checkout Your Information_lastName"), "Hermawan"): Text 'Hermawan' is set on object 'Object Repository/Page_Swag Labs/input_Checkout Your Information_lastName'

13-03-2025T16:42:40 - [MESSAGE][PASSED] - Text 'Hermawan' is set on object 'Object Repository/Page_Swag Labs/input_Checkout Your Information_lastName'

13-03-2025T16:42:40 - [TEST_STEP][PASSED] - setText(findTestObject("Object Repository/Page_Swag Labs/input_Checkout Your Information_postalCode"), "17131"): Text '17131' is set on object 'Object Repository/Page_Swag Labs/input_Checkout Your Information_postalCode'

13-03-2025T16:42:41 - [MESSAGE][PASSED] - Text '17131' is set on object 'Object Repository/Page_Swag Labs/input_Checkout Your Information_postalCode'

13-03-2025T16:42:41 - [TEST_STEP][PASSED] - click(findTestObject("Object Repository/Page_Swag Labs/input_Cancel_continue")): Object: 'Object Repository/Page_Swag Labs/input_Cancel_continue' is clicked on

13-03-2025T16:42:41 - [MESSAGE][PASSED] - Object: 'Object Repository/Page_Swag Labs/input_Cancel_continue' is clicked on

13-03-2025T16:42:41 - [TEST_STEP][PASSED] - click(findTestObject("Object Repository/Page_Swag Labs/button_Finish")): Object: 'Object Repository/Page_Swag Labs/button_Finish' is clicked on

13-03-2025T16:42:42 - [MESSAGE][PASSED] - Object: 'Object Repository/Page_Swag Labs/button_Finish' is clicked on

13-03-2025T16:42:42 - [TEST_STEP][PASSED] - click(findTestObject("Object Repository/Page_Swag Labs/button_Back Home")): Object: 'Object Repository/Page_Swag Labs/button_Back Home' is clicked on

13-03-2025T16:42:42 - [MESSAGE][PASSED] - Object: 'Object Repository/Page_Swag Labs/button_Back Home' is clicked on]]></system-out>
         <system-err><![CDATA[]]></system-err>
      </testcase>
      <testcase name="Test Cases/TS004-Filter Descending Z-A Saucedemo" time="5.436" classname="Test Cases/TS004-Filter Descending Z-A Saucedemo" status="PASSED">
         <system-out><![CDATA[13-03-2025T16:42:42 - [TEST_CASE][PASSED] - Test Cases/TS004-Filter Descending Z-A Saucedemo: Test Cases/TS004-Filter Descending Z-A Saucedemo

13-03-2025T16:42:42 - [TEST_STEP][PASSED] - openBrowser(""): Browser is opened with url: ''

13-03-2025T16:42:42 - [MESSAGE][WARNING] - A browser is already opened. Closing browser and opening a new one

13-03-2025T16:42:42 - [MESSAGE][INFO] - Starting 'Chrome' driver

13-03-2025T16:42:42 - [MESSAGE][INFO] - Action delay is set to 0 milliseconds

13-03-2025T16:42:43 - [MESSAGE][PASSED] - Browser is opened with url: ''

13-03-2025T16:42:43 - [TEST_STEP][PASSED] - navigateToUrl("https://www.saucedemo.com/"): Navigate to 'https://www.saucedemo.com/' successfully

13-03-2025T16:42:44 - [MESSAGE][PASSED] - Navigate to 'https://www.saucedemo.com/' successfully

13-03-2025T16:42:44 - [TEST_STEP][PASSED] - setText(findTestObject("Object Repository/Page_Swag Labs/input_Swag Labs_user-name"), "standard_user"): Text 'standard_user' is set on object 'Object Repository/Page_Swag Labs/input_Swag Labs_user-name'

13-03-2025T16:42:46 - [MESSAGE][PASSED] - Text 'standard_user' is set on object 'Object Repository/Page_Swag Labs/input_Swag Labs_user-name'

13-03-2025T16:42:46 - [TEST_STEP][PASSED] - setText(findTestObject("Object Repository/Page_Swag Labs/input_Swag Labs_password"), "secret_sauce"): Text 'secret_sauce' is set on object 'Object Repository/Page_Swag Labs/input_Swag Labs_password'

13-03-2025T16:42:46 - [MESSAGE][PASSED] - Text 'secret_sauce' is set on object 'Object Repository/Page_Swag Labs/input_Swag Labs_password'

13-03-2025T16:42:46 - [TEST_STEP][PASSED] - click(findTestObject("Object Repository/Page_Swag Labs/input_Swag Labs_login-button")): Object: 'Object Repository/Page_Swag Labs/input_Swag Labs_login-button' is clicked on

13-03-2025T16:42:46 - [MESSAGE][PASSED] - Object: 'Object Repository/Page_Swag Labs/input_Swag Labs_login-button' is clicked on

13-03-2025T16:42:46 - [TEST_STEP][PASSED] - click(findTestObject("Object Repository/Page_Swag Labs/span_Name (A to Z)Name (A to Z)Name (Z to A_3f2346")): Object: 'Object Repository/Page_Swag Labs/span_Name (A to Z)Name (A to Z)Name (Z to A_3f2346' is clicked on

13-03-2025T16:42:47 - [MESSAGE][PASSED] - Object: 'Object Repository/Page_Swag Labs/span_Name (A to Z)Name (A to Z)Name (Z to A_3f2346' is clicked on

13-03-2025T16:42:47 - [TEST_STEP][PASSED] - selectOptionByValue(findTestObject("Object Repository/Page_Swag Labs/select_Name (A to Z)Name (Z to A)Price (low_f7e90a"), "za", false): All options with value 'za' are selected in object 'Object Repository/Page_Swag Labs/select_Name (A to Z)Name (Z to A)Price (low_f7e90a' 

13-03-2025T16:42:47 - [MESSAGE][PASSED] - All options with value 'za' are selected in object 'Object Repository/Page_Swag Labs/select_Name (A to Z)Name (Z to A)Price (low_f7e90a']]></system-out>
         <system-err><![CDATA[]]></system-err>
      </testcase>
      <testcase name="Test Cases/TS005-Filter Price Low to Hi" time="5.327" classname="Test Cases/TS005-Filter Price Low to Hi" status="PASSED">
         <system-out><![CDATA[13-03-2025T16:42:48 - [TEST_CASE][PASSED] - Test Cases/TS005-Filter Price Low to Hi: Test Cases/TS005-Filter Price Low to Hi

13-03-2025T16:42:48 - [TEST_STEP][PASSED] - openBrowser(""): Browser is opened with url: ''

13-03-2025T16:42:48 - [MESSAGE][WARNING] - A browser is already opened. Closing browser and opening a new one

13-03-2025T16:42:48 - [MESSAGE][INFO] - Starting 'Chrome' driver

13-03-2025T16:42:48 - [MESSAGE][INFO] - Action delay is set to 0 milliseconds

13-03-2025T16:42:48 - [MESSAGE][PASSED] - Browser is opened with url: ''

13-03-2025T16:42:48 - [TEST_STEP][PASSED] - navigateToUrl("https://www.saucedemo.com/"): Navigate to 'https://www.saucedemo.com/' successfully

13-03-2025T16:42:49 - [MESSAGE][PASSED] - Navigate to 'https://www.saucedemo.com/' successfully

13-03-2025T16:42:49 - [TEST_STEP][PASSED] - click(findTestObject("Object Repository/Page_Swag Labs/input_Swag Labs_user-name")): Object: 'Object Repository/Page_Swag Labs/input_Swag Labs_user-name' is clicked on

13-03-2025T16:42:51 - [MESSAGE][PASSED] - Object: 'Object Repository/Page_Swag Labs/input_Swag Labs_user-name' is clicked on

13-03-2025T16:42:51 - [TEST_STEP][PASSED] - setText(findTestObject("Object Repository/Page_Swag Labs/input_Swag Labs_user-name"), "standard_user"): Text 'standard_user' is set on object 'Object Repository/Page_Swag Labs/input_Swag Labs_user-name'

13-03-2025T16:42:51 - [MESSAGE][PASSED] - Text 'standard_user' is set on object 'Object Repository/Page_Swag Labs/input_Swag Labs_user-name'

13-03-2025T16:42:51 - [TEST_STEP][PASSED] - click(findTestObject("Object Repository/Page_Swag Labs/input_Swag Labs_password")): Object: 'Object Repository/Page_Swag Labs/input_Swag Labs_password' is clicked on

13-03-2025T16:42:51 - [MESSAGE][PASSED] - Object: 'Object Repository/Page_Swag Labs/input_Swag Labs_password' is clicked on

13-03-2025T16:42:51 - [TEST_STEP][PASSED] - setText(findTestObject("Object Repository/Page_Swag Labs/input_Swag Labs_password"), "secret_sauce"): Text 'secret_sauce' is set on object 'Object Repository/Page_Swag Labs/input_Swag Labs_password'

13-03-2025T16:42:52 - [MESSAGE][PASSED] - Text 'secret_sauce' is set on object 'Object Repository/Page_Swag Labs/input_Swag Labs_password'

13-03-2025T16:42:52 - [TEST_STEP][PASSED] - click(findTestObject("Object Repository/Page_Swag Labs/input_Swag Labs_login-button")): Object: 'Object Repository/Page_Swag Labs/input_Swag Labs_login-button' is clicked on

13-03-2025T16:42:52 - [MESSAGE][PASSED] - Object: 'Object Repository/Page_Swag Labs/input_Swag Labs_login-button' is clicked on

13-03-2025T16:42:52 - [TEST_STEP][PASSED] - selectOptionByValue(findTestObject("Page_Swag Labs/select_Name (A to Z)Name (Z to A)Price (low_f7e90a"), "lohi", false): All options with value 'lohi' are selected in object 'Object Repository/Page_Swag Labs/select_Name (A to Z)Name (Z to A)Price (low_f7e90a' 

13-03-2025T16:42:53 - [MESSAGE][PASSED] - All options with value 'lohi' are selected in object 'Object Repository/Page_Swag Labs/select_Name (A to Z)Name (Z to A)Price (low_f7e90a']]></system-out>
         <system-err><![CDATA[]]></system-err>
      </testcase>
      <system-out><![CDATA[13-03-2025T16:42:20 - [TEST_SUITE][PASSED] - TS001-005: Test Cases/TS005-Filter Price Low to Hi]]></system-out>
      <system-err><![CDATA[]]></system-err>
   </testsuite>
</testsuites>
