<?xml version="1.0" encoding="UTF-8"?>
<testsuites name="TS001-010" time="79.92" tests="10" failures="0" errors="0">
   <testsuite name="TS001-010" tests="10" failures="0" errors="0" time="79.92" skipped="0" timestamp="13-03-2025T16:02:03" hostname="capybara - localhost" id="Test Suites/Test/TS001-010">
      <properties>
         <property name="deviceName" value=""/>
         <property name="devicePlatform"/>
         <property name="logFolder" value="/Users/capybara/git/Certificate-Katalon/Reports/20250313_160158/Test/TS001-010/20250313_160158"/>
         <property name="logFiles" value="/Users/capybara/git/Certificate-Katalon/Reports/20250313_160158/Test/TS001-010/20250313_160158/execution0.log"/>
         <property name="attachments" value=""/>
         <property name="hostName" value="capybara - localhost"/>
         <property name="os" value="Mac OS X 64bit"/>
         <property name="katalonVersion" value="10.1.0.223"/>
         <property name="browser" value="Chrome 134.0.6998.89"/>
         <property name="hostAddress" value="127.0.0.1"/>
         <property name="sessionId" value="d1e5fee509670ef8fd4d80f628bc4bdf"/>
         <property name="seleniumVersion" value="4.22.0"/>
         <property name="proxyInformation" value="ProxyInformation { proxyOption=NO_PROXY, proxyServerType=HTTP, username=, password=********, proxyServerAddress=, proxyServerPort=0, executionList=&quot;&quot;, isApplyToDesiredCapabilities=true }"/>
         <property name="platform" value="Mac OS X"/>
      </properties>
      <testcase name="Test Cases/TS001-Login" time="6.944" classname="Test Cases/TS001-Login" status="PASSED">
         <system-out><![CDATA[13-03-2025T16:02:03 - [TEST_CASE][PASSED] - Test Cases/TS001-Login: Test Cases/TS001-Login

13-03-2025T16:02:04 - [TEST_STEP][PASSED] - openBrowser(""): Browser is opened with url: ''

13-03-2025T16:02:04 - [MESSAGE][INFO] - Starting 'Chrome' driver

13-03-2025T16:02:04 - [MESSAGE][INFO] - Action delay is set to 0 milliseconds

13-03-2025T16:02:07 - [MESSAGE][PASSED] - Browser is opened with url: ''

13-03-2025T16:02:07 - [TEST_STEP][PASSED] - navigateToUrl("https://www.saucedemo.com/"): Navigate to 'https://www.saucedemo.com/' successfully

13-03-2025T16:02:07 - [MESSAGE][PASSED] - Navigate to 'https://www.saucedemo.com/' successfully

13-03-2025T16:02:07 - [TEST_STEP][PASSED] - setText(findTestObject("Object Repository/Page_Swag Labs/input_Swag Labs_user-name"), "standard_user"): Text 'standard_user' is set on object 'Object Repository/Page_Swag Labs/input_Swag Labs_user-name'

13-03-2025T16:02:09 - [MESSAGE][PASSED] - Text 'standard_user' is set on object 'Object Repository/Page_Swag Labs/input_Swag Labs_user-name'

13-03-2025T16:02:09 - [TEST_STEP][PASSED] - setText(findTestObject("Object Repository/Page_Swag Labs/input_Swag Labs_password"), "secret_sauce"): Text 'secret_sauce' is set on object 'Object Repository/Page_Swag Labs/input_Swag Labs_password'

13-03-2025T16:02:10 - [MESSAGE][PASSED] - Text 'secret_sauce' is set on object 'Object Repository/Page_Swag Labs/input_Swag Labs_password'

13-03-2025T16:02:10 - [TEST_STEP][PASSED] - click(findTestObject("Object Repository/Page_Swag Labs/input_Swag Labs_login-button")): Object: 'Object Repository/Page_Swag Labs/input_Swag Labs_login-button' is clicked on

13-03-2025T16:02:10 - [MESSAGE][PASSED] - Object: 'Object Repository/Page_Swag Labs/input_Swag Labs_login-button' is clicked on

13-03-2025T16:02:10 - [TEST_STEP][PASSED] - verifyElementPresent(findTestObject("Object Repository/Page_Swag Labs/span_Products"), 0): Object 'Object Repository/Page_Swag Labs/span_Products' is present

13-03-2025T16:02:10 - [MESSAGE][WARNING] - Timeout '0' is invalid. Using default page load timeout: '30'

13-03-2025T16:02:10 - [MESSAGE][PASSED] - Object 'Object Repository/Page_Swag Labs/span_Products' is present]]></system-out>
         <system-err><![CDATA[]]></system-err>
      </testcase>
      <testcase name="Test Cases/TS002-Addtocart Saucedemo" time="4.829" classname="Test Cases/TS002-Addtocart Saucedemo" status="PASSED">
         <system-out><![CDATA[13-03-2025T16:02:10 - [TEST_CASE][PASSED] - Test Cases/TS002-Addtocart Saucedemo: Test Cases/TS002-Addtocart Saucedemo

13-03-2025T16:02:10 - [TEST_STEP][PASSED] - openBrowser(""): Browser is opened with url: ''

13-03-2025T16:02:10 - [MESSAGE][WARNING] - A browser is already opened. Closing browser and opening a new one

13-03-2025T16:02:11 - [MESSAGE][INFO] - Starting 'Chrome' driver

13-03-2025T16:02:11 - [MESSAGE][INFO] - Action delay is set to 0 milliseconds

13-03-2025T16:02:12 - [MESSAGE][PASSED] - Browser is opened with url: ''

13-03-2025T16:02:12 - [TEST_STEP][PASSED] - navigateToUrl("https://www.saucedemo.com/"): Navigate to 'https://www.saucedemo.com/' successfully

13-03-2025T16:02:12 - [MESSAGE][PASSED] - Navigate to 'https://www.saucedemo.com/' successfully

13-03-2025T16:02:12 - [TEST_STEP][PASSED] - setText(findTestObject("Object Repository/Page_Swag Labs/input_Swag Labs_user-name"), "standard_user"): Text 'standard_user' is set on object 'Object Repository/Page_Swag Labs/input_Swag Labs_user-name'

13-03-2025T16:02:14 - [MESSAGE][PASSED] - Text 'standard_user' is set on object 'Object Repository/Page_Swag Labs/input_Swag Labs_user-name'

13-03-2025T16:02:14 - [TEST_STEP][PASSED] - setText(findTestObject("Object Repository/Page_Swag Labs/input_Swag Labs_password"), "secret_sauce"): Text 'secret_sauce' is set on object 'Object Repository/Page_Swag Labs/input_Swag Labs_password'

13-03-2025T16:02:14 - [MESSAGE][PASSED] - Text 'secret_sauce' is set on object 'Object Repository/Page_Swag Labs/input_Swag Labs_password'

13-03-2025T16:02:14 - [TEST_STEP][PASSED] - click(findTestObject("Object Repository/Page_Swag Labs/input_Swag Labs_login-button")): Object: 'Object Repository/Page_Swag Labs/input_Swag Labs_login-button' is clicked on

13-03-2025T16:02:15 - [MESSAGE][PASSED] - Object: 'Object Repository/Page_Swag Labs/input_Swag Labs_login-button' is clicked on

13-03-2025T16:02:15 - [TEST_STEP][PASSED] - click(findTestObject("Object Repository/Page_Swag Labs/button_Add to cart")): Object: 'Object Repository/Page_Swag Labs/button_Add to cart' is clicked on

13-03-2025T16:02:15 - [MESSAGE][PASSED] - Object: 'Object Repository/Page_Swag Labs/button_Add to cart' is clicked on

13-03-2025T16:02:15 - [TEST_STEP][PASSED] - closeBrowser(): Browser is closed

13-03-2025T16:02:15 - [MESSAGE][PASSED] - Browser is closed]]></system-out>
         <system-err><![CDATA[]]></system-err>
      </testcase>
      <testcase name="Test Cases/TS003-Payment saucedemo" time="9.482" classname="Test Cases/TS003-Payment saucedemo" status="PASSED">
         <system-out><![CDATA[13-03-2025T16:02:15 - [TEST_CASE][PASSED] - Test Cases/TS003-Payment saucedemo: Test Cases/TS003-Payment saucedemo

13-03-2025T16:02:15 - [TEST_STEP][PASSED] - openBrowser(""): Browser is opened with url: ''

13-03-2025T16:02:15 - [MESSAGE][INFO] - Starting 'Chrome' driver

13-03-2025T16:02:15 - [MESSAGE][INFO] - Action delay is set to 0 milliseconds

13-03-2025T16:02:16 - [MESSAGE][PASSED] - Browser is opened with url: ''

13-03-2025T16:02:16 - [TEST_STEP][PASSED] - navigateToUrl("https://www.saucedemo.com/"): Navigate to 'https://www.saucedemo.com/' successfully

13-03-2025T16:02:17 - [MESSAGE][PASSED] - Navigate to 'https://www.saucedemo.com/' successfully

13-03-2025T16:02:17 - [TEST_STEP][PASSED] - click(findTestObject("Object Repository/Page_Swag Labs/input_Swag Labs_user-name")): Object: 'Object Repository/Page_Swag Labs/input_Swag Labs_user-name' is clicked on

13-03-2025T16:02:18 - [MESSAGE][PASSED] - Object: 'Object Repository/Page_Swag Labs/input_Swag Labs_user-name' is clicked on

13-03-2025T16:02:18 - [TEST_STEP][PASSED] - setText(findTestObject("Object Repository/Page_Swag Labs/input_Swag Labs_user-name"), "standard_user"): Text 'standard_user' is set on object 'Object Repository/Page_Swag Labs/input_Swag Labs_user-name'

13-03-2025T16:02:19 - [MESSAGE][PASSED] - Text 'standard_user' is set on object 'Object Repository/Page_Swag Labs/input_Swag Labs_user-name'

13-03-2025T16:02:19 - [TEST_STEP][PASSED] - click(findTestObject("Object Repository/Page_Swag Labs/input_Swag Labs_password")): Object: 'Object Repository/Page_Swag Labs/input_Swag Labs_password' is clicked on

13-03-2025T16:02:19 - [MESSAGE][PASSED] - Object: 'Object Repository/Page_Swag Labs/input_Swag Labs_password' is clicked on

13-03-2025T16:02:19 - [TEST_STEP][PASSED] - setText(findTestObject("Object Repository/Page_Swag Labs/input_Swag Labs_password"), "secret_sauce"): Text 'secret_sauce' is set on object 'Object Repository/Page_Swag Labs/input_Swag Labs_password'

13-03-2025T16:02:19 - [MESSAGE][PASSED] - Text 'secret_sauce' is set on object 'Object Repository/Page_Swag Labs/input_Swag Labs_password'

13-03-2025T16:02:19 - [TEST_STEP][PASSED] - click(findTestObject("Object Repository/Page_Swag Labs/input_Swag Labs_login-button")): Object: 'Object Repository/Page_Swag Labs/input_Swag Labs_login-button' is clicked on

13-03-2025T16:02:20 - [MESSAGE][PASSED] - Object: 'Object Repository/Page_Swag Labs/input_Swag Labs_login-button' is clicked on

13-03-2025T16:02:20 - [TEST_STEP][PASSED] - click(findTestObject("Object Repository/Page_Swag Labs/button_Add to cart")): Object: 'Object Repository/Page_Swag Labs/button_Add to cart' is clicked on

13-03-2025T16:02:20 - [MESSAGE][PASSED] - Object: 'Object Repository/Page_Swag Labs/button_Add to cart' is clicked on

13-03-2025T16:02:20 - [TEST_STEP][PASSED] - doubleClick(findTestObject("Object Repository/Page_Swag Labs/a_1")): Object: 'Object Repository/Page_Swag Labs/a_1' is double clicked on

13-03-2025T16:02:21 - [MESSAGE][PASSED] - Object: 'Object Repository/Page_Swag Labs/a_1' is double clicked on

13-03-2025T16:02:21 - [TEST_STEP][PASSED] - click(findTestObject("Object Repository/Page_Swag Labs/button_Checkout")): Object: 'Object Repository/Page_Swag Labs/button_Checkout' is clicked on

13-03-2025T16:02:21 - [MESSAGE][PASSED] - Object: 'Object Repository/Page_Swag Labs/button_Checkout' is clicked on

13-03-2025T16:02:21 - [TEST_STEP][PASSED] - setText(findTestObject("Object Repository/Page_Swag Labs/input_Checkout Your Information_firstName"), "Trian"): Text 'Trian' is set on object 'Object Repository/Page_Swag Labs/input_Checkout Your Information_firstName'

13-03-2025T16:02:22 - [MESSAGE][PASSED] - Text 'Trian' is set on object 'Object Repository/Page_Swag Labs/input_Checkout Your Information_firstName'

13-03-2025T16:02:22 - [TEST_STEP][PASSED] - setText(findTestObject("Object Repository/Page_Swag Labs/input_Checkout Your Information_lastName"), "Hermawan"): Text 'Hermawan' is set on object 'Object Repository/Page_Swag Labs/input_Checkout Your Information_lastName'

13-03-2025T16:02:23 - [MESSAGE][PASSED] - Text 'Hermawan' is set on object 'Object Repository/Page_Swag Labs/input_Checkout Your Information_lastName'

13-03-2025T16:02:23 - [TEST_STEP][PASSED] - setText(findTestObject("Object Repository/Page_Swag Labs/input_Checkout Your Information_postalCode"), "17131"): Text '17131' is set on object 'Object Repository/Page_Swag Labs/input_Checkout Your Information_postalCode'

13-03-2025T16:02:23 - [MESSAGE][PASSED] - Text '17131' is set on object 'Object Repository/Page_Swag Labs/input_Checkout Your Information_postalCode'

13-03-2025T16:02:23 - [TEST_STEP][PASSED] - click(findTestObject("Object Repository/Page_Swag Labs/input_Cancel_continue")): Object: 'Object Repository/Page_Swag Labs/input_Cancel_continue' is clicked on

13-03-2025T16:02:24 - [MESSAGE][PASSED] - Object: 'Object Repository/Page_Swag Labs/input_Cancel_continue' is clicked on

13-03-2025T16:02:24 - [TEST_STEP][PASSED] - click(findTestObject("Object Repository/Page_Swag Labs/button_Finish")): Object: 'Object Repository/Page_Swag Labs/button_Finish' is clicked on

13-03-2025T16:02:24 - [MESSAGE][PASSED] - Object: 'Object Repository/Page_Swag Labs/button_Finish' is clicked on

13-03-2025T16:02:24 - [TEST_STEP][PASSED] - click(findTestObject("Object Repository/Page_Swag Labs/button_Back Home")): Object: 'Object Repository/Page_Swag Labs/button_Back Home' is clicked on

13-03-2025T16:02:25 - [MESSAGE][PASSED] - Object: 'Object Repository/Page_Swag Labs/button_Back Home' is clicked on]]></system-out>
         <system-err><![CDATA[]]></system-err>
      </testcase>
      <testcase name="Test Cases/TS004-Filter Descending Z-A Saucedemo" time="5.083" classname="Test Cases/TS004-Filter Descending Z-A Saucedemo" status="PASSED">
         <system-out><![CDATA[13-03-2025T16:02:25 - [TEST_CASE][PASSED] - Test Cases/TS004-Filter Descending Z-A Saucedemo: Test Cases/TS004-Filter Descending Z-A Saucedemo

13-03-2025T16:02:25 - [TEST_STEP][PASSED] - openBrowser(""): Browser is opened with url: ''

13-03-2025T16:02:25 - [MESSAGE][WARNING] - A browser is already opened. Closing browser and opening a new one

13-03-2025T16:02:25 - [MESSAGE][INFO] - Starting 'Chrome' driver

13-03-2025T16:02:25 - [MESSAGE][INFO] - Action delay is set to 0 milliseconds

13-03-2025T16:02:26 - [MESSAGE][PASSED] - Browser is opened with url: ''

13-03-2025T16:02:26 - [TEST_STEP][PASSED] - navigateToUrl("https://www.saucedemo.com/"): Navigate to 'https://www.saucedemo.com/' successfully

13-03-2025T16:02:26 - [MESSAGE][PASSED] - Navigate to 'https://www.saucedemo.com/' successfully

13-03-2025T16:02:26 - [TEST_STEP][PASSED] - setText(findTestObject("Object Repository/Page_Swag Labs/input_Swag Labs_user-name"), "standard_user"): Text 'standard_user' is set on object 'Object Repository/Page_Swag Labs/input_Swag Labs_user-name'

13-03-2025T16:02:28 - [MESSAGE][PASSED] - Text 'standard_user' is set on object 'Object Repository/Page_Swag Labs/input_Swag Labs_user-name'

13-03-2025T16:02:28 - [TEST_STEP][PASSED] - setText(findTestObject("Object Repository/Page_Swag Labs/input_Swag Labs_password"), "secret_sauce"): Text 'secret_sauce' is set on object 'Object Repository/Page_Swag Labs/input_Swag Labs_password'

13-03-2025T16:02:28 - [MESSAGE][PASSED] - Text 'secret_sauce' is set on object 'Object Repository/Page_Swag Labs/input_Swag Labs_password'

13-03-2025T16:02:28 - [TEST_STEP][PASSED] - click(findTestObject("Object Repository/Page_Swag Labs/input_Swag Labs_login-button")): Object: 'Object Repository/Page_Swag Labs/input_Swag Labs_login-button' is clicked on

13-03-2025T16:02:29 - [MESSAGE][PASSED] - Object: 'Object Repository/Page_Swag Labs/input_Swag Labs_login-button' is clicked on

13-03-2025T16:02:29 - [TEST_STEP][PASSED] - click(findTestObject("Object Repository/Page_Swag Labs/span_Name (A to Z)Name (A to Z)Name (Z to A_3f2346")): Object: 'Object Repository/Page_Swag Labs/span_Name (A to Z)Name (A to Z)Name (Z to A_3f2346' is clicked on

13-03-2025T16:02:29 - [MESSAGE][PASSED] - Object: 'Object Repository/Page_Swag Labs/span_Name (A to Z)Name (A to Z)Name (Z to A_3f2346' is clicked on

13-03-2025T16:02:29 - [TEST_STEP][PASSED] - selectOptionByValue(findTestObject("Object Repository/Page_Swag Labs/select_Name (A to Z)Name (Z to A)Price (low_f7e90a"), "za", false): All options with value 'za' are selected in object 'Object Repository/Page_Swag Labs/select_Name (A to Z)Name (Z to A)Price (low_f7e90a' 

13-03-2025T16:02:30 - [MESSAGE][PASSED] - All options with value 'za' are selected in object 'Object Repository/Page_Swag Labs/select_Name (A to Z)Name (Z to A)Price (low_f7e90a']]></system-out>
         <system-err><![CDATA[]]></system-err>
      </testcase>
      <testcase name="Test Cases/TS005-Filter Price Low to Hi" time="5.2" classname="Test Cases/TS005-Filter Price Low to Hi" status="PASSED">
         <system-out><![CDATA[13-03-2025T16:02:30 - [TEST_CASE][PASSED] - Test Cases/TS005-Filter Price Low to Hi: Test Cases/TS005-Filter Price Low to Hi

13-03-2025T16:02:30 - [TEST_STEP][PASSED] - openBrowser(""): Browser is opened with url: ''

13-03-2025T16:02:30 - [MESSAGE][WARNING] - A browser is already opened. Closing browser and opening a new one

13-03-2025T16:02:30 - [MESSAGE][INFO] - Starting 'Chrome' driver

13-03-2025T16:02:30 - [MESSAGE][INFO] - Action delay is set to 0 milliseconds

13-03-2025T16:02:31 - [MESSAGE][PASSED] - Browser is opened with url: ''

13-03-2025T16:02:31 - [TEST_STEP][PASSED] - navigateToUrl("https://www.saucedemo.com/"): Navigate to 'https://www.saucedemo.com/' successfully

13-03-2025T16:02:31 - [MESSAGE][PASSED] - Navigate to 'https://www.saucedemo.com/' successfully

13-03-2025T16:02:31 - [TEST_STEP][PASSED] - click(findTestObject("Object Repository/Page_Swag Labs/input_Swag Labs_user-name")): Object: 'Object Repository/Page_Swag Labs/input_Swag Labs_user-name' is clicked on

13-03-2025T16:02:33 - [MESSAGE][PASSED] - Object: 'Object Repository/Page_Swag Labs/input_Swag Labs_user-name' is clicked on

13-03-2025T16:02:33 - [TEST_STEP][PASSED] - setText(findTestObject("Object Repository/Page_Swag Labs/input_Swag Labs_user-name"), "standard_user"): Text 'standard_user' is set on object 'Object Repository/Page_Swag Labs/input_Swag Labs_user-name'

13-03-2025T16:02:33 - [MESSAGE][PASSED] - Text 'standard_user' is set on object 'Object Repository/Page_Swag Labs/input_Swag Labs_user-name'

13-03-2025T16:02:33 - [TEST_STEP][PASSED] - click(findTestObject("Object Repository/Page_Swag Labs/input_Swag Labs_password")): Object: 'Object Repository/Page_Swag Labs/input_Swag Labs_password' is clicked on

13-03-2025T16:02:34 - [MESSAGE][PASSED] - Object: 'Object Repository/Page_Swag Labs/input_Swag Labs_password' is clicked on

13-03-2025T16:02:34 - [TEST_STEP][PASSED] - setText(findTestObject("Object Repository/Page_Swag Labs/input_Swag Labs_password"), "secret_sauce"): Text 'secret_sauce' is set on object 'Object Repository/Page_Swag Labs/input_Swag Labs_password'

13-03-2025T16:02:34 - [MESSAGE][PASSED] - Text 'secret_sauce' is set on object 'Object Repository/Page_Swag Labs/input_Swag Labs_password'

13-03-2025T16:02:34 - [TEST_STEP][PASSED] - click(findTestObject("Object Repository/Page_Swag Labs/input_Swag Labs_login-button")): Object: 'Object Repository/Page_Swag Labs/input_Swag Labs_login-button' is clicked on

13-03-2025T16:02:34 - [MESSAGE][PASSED] - Object: 'Object Repository/Page_Swag Labs/input_Swag Labs_login-button' is clicked on

13-03-2025T16:02:34 - [TEST_STEP][PASSED] - selectOptionByValue(findTestObject("Page_Swag Labs/select_Name (A to Z)Name (Z to A)Price (low_f7e90a"), "lohi", false): All options with value 'lohi' are selected in object 'Object Repository/Page_Swag Labs/select_Name (A to Z)Name (Z to A)Price (low_f7e90a' 

13-03-2025T16:02:35 - [MESSAGE][PASSED] - All options with value 'lohi' are selected in object 'Object Repository/Page_Swag Labs/select_Name (A to Z)Name (Z to A)Price (low_f7e90a']]></system-out>
         <system-err><![CDATA[]]></system-err>
      </testcase>
      <testcase name="Test Cases/TS006-Filter Price Hi to Low" time="4.709" classname="Test Cases/TS006-Filter Price Hi to Low" status="PASSED">
         <system-out><![CDATA[13-03-2025T16:02:35 - [TEST_CASE][PASSED] - Test Cases/TS006-Filter Price Hi to Low: Test Cases/TS006-Filter Price Hi to Low

13-03-2025T16:02:35 - [TEST_STEP][PASSED] - openBrowser(""): Browser is opened with url: ''

13-03-2025T16:02:35 - [MESSAGE][WARNING] - A browser is already opened. Closing browser and opening a new one

13-03-2025T16:02:35 - [MESSAGE][INFO] - Starting 'Chrome' driver

13-03-2025T16:02:35 - [MESSAGE][INFO] - Action delay is set to 0 milliseconds

13-03-2025T16:02:36 - [MESSAGE][PASSED] - Browser is opened with url: ''

13-03-2025T16:02:36 - [TEST_STEP][PASSED] - navigateToUrl("https://www.saucedemo.com/"): Navigate to 'https://www.saucedemo.com/' successfully

13-03-2025T16:02:36 - [MESSAGE][PASSED] - Navigate to 'https://www.saucedemo.com/' successfully

13-03-2025T16:02:36 - [TEST_STEP][PASSED] - setText(findTestObject("Object Repository/Page_Swag Labs/input_Swag Labs_user-name"), "standard_user"): Text 'standard_user' is set on object 'Object Repository/Page_Swag Labs/input_Swag Labs_user-name'

13-03-2025T16:02:38 - [MESSAGE][PASSED] - Text 'standard_user' is set on object 'Object Repository/Page_Swag Labs/input_Swag Labs_user-name'

13-03-2025T16:02:38 - [TEST_STEP][PASSED] - setText(findTestObject("Object Repository/Page_Swag Labs/input_Swag Labs_password"), "secret_sauce"): Text 'secret_sauce' is set on object 'Object Repository/Page_Swag Labs/input_Swag Labs_password'

13-03-2025T16:02:39 - [MESSAGE][PASSED] - Text 'secret_sauce' is set on object 'Object Repository/Page_Swag Labs/input_Swag Labs_password'

13-03-2025T16:02:39 - [TEST_STEP][PASSED] - click(findTestObject("Object Repository/Page_Swag Labs/input_Swag Labs_login-button")): Object: 'Object Repository/Page_Swag Labs/input_Swag Labs_login-button' is clicked on

13-03-2025T16:02:39 - [MESSAGE][PASSED] - Object: 'Object Repository/Page_Swag Labs/input_Swag Labs_login-button' is clicked on

13-03-2025T16:02:39 - [TEST_STEP][PASSED] - selectOptionByValue(findTestObject("Object Repository/Page_Swag Labs/select_Name (A to Z)Name (Z to A)Price (low_f7e90a"), "lohi", false): All options with value 'lohi' are selected in object 'Object Repository/Page_Swag Labs/select_Name (A to Z)Name (Z to A)Price (low_f7e90a' 

13-03-2025T16:02:40 - [MESSAGE][PASSED] - All options with value 'lohi' are selected in object 'Object Repository/Page_Swag Labs/select_Name (A to Z)Name (Z to A)Price (low_f7e90a']]></system-out>
         <system-err><![CDATA[]]></system-err>
      </testcase>
      <testcase name="Test Cases/TS007-Filter Ascending A-Z Saucedemo" time="5.64" classname="Test Cases/TS007-Filter Ascending A-Z Saucedemo" status="PASSED">
         <system-out><![CDATA[13-03-2025T16:02:40 - [TEST_CASE][PASSED] - Test Cases/TS007-Filter Ascending A-Z Saucedemo: Test Cases/TS007-Filter Ascending A-Z Saucedemo

13-03-2025T16:02:40 - [TEST_STEP][PASSED] - openBrowser(""): Browser is opened with url: ''

13-03-2025T16:02:40 - [MESSAGE][WARNING] - A browser is already opened. Closing browser and opening a new one

13-03-2025T16:02:40 - [MESSAGE][INFO] - Starting 'Chrome' driver

13-03-2025T16:02:40 - [MESSAGE][INFO] - Action delay is set to 0 milliseconds

13-03-2025T16:02:41 - [MESSAGE][PASSED] - Browser is opened with url: ''

13-03-2025T16:02:41 - [TEST_STEP][PASSED] - navigateToUrl("https://www.saucedemo.com/"): Navigate to 'https://www.saucedemo.com/' successfully

13-03-2025T16:02:41 - [MESSAGE][PASSED] - Navigate to 'https://www.saucedemo.com/' successfully

13-03-2025T16:02:41 - [TEST_STEP][PASSED] - setText(findTestObject("Object Repository/Page_Swag Labs/input_Swag Labs_user-name"), "standard_user"): Text 'standard_user' is set on object 'Object Repository/Page_Swag Labs/input_Swag Labs_user-name'

13-03-2025T16:02:43 - [MESSAGE][PASSED] - Text 'standard_user' is set on object 'Object Repository/Page_Swag Labs/input_Swag Labs_user-name'

13-03-2025T16:02:43 - [TEST_STEP][PASSED] - setText(findTestObject("Object Repository/Page_Swag Labs/input_Swag Labs_password"), "secret_sauce"): Text 'secret_sauce' is set on object 'Object Repository/Page_Swag Labs/input_Swag Labs_password'

13-03-2025T16:02:43 - [MESSAGE][PASSED] - Text 'secret_sauce' is set on object 'Object Repository/Page_Swag Labs/input_Swag Labs_password'

13-03-2025T16:02:43 - [TEST_STEP][PASSED] - click(findTestObject("Object Repository/Page_Swag Labs/input_Swag Labs_login-button")): Object: 'Object Repository/Page_Swag Labs/input_Swag Labs_login-button' is clicked on

13-03-2025T16:02:44 - [MESSAGE][PASSED] - Object: 'Object Repository/Page_Swag Labs/input_Swag Labs_login-button' is clicked on

13-03-2025T16:02:44 - [TEST_STEP][PASSED] - click(findTestObject("Object Repository/Page_Swag Labs/span_Name (A to Z)Name (A to Z)Name (Z to A_3f2346")): Object: 'Object Repository/Page_Swag Labs/span_Name (A to Z)Name (A to Z)Name (Z to A_3f2346' is clicked on

13-03-2025T16:02:44 - [MESSAGE][PASSED] - Object: 'Object Repository/Page_Swag Labs/span_Name (A to Z)Name (A to Z)Name (Z to A_3f2346' is clicked on

13-03-2025T16:02:44 - [TEST_STEP][PASSED] - selectOptionByValue(findTestObject("Object Repository/Page_Swag Labs/select_Name (A to Z)Name (Z to A)Price (low_f7e90a"), "za", false): All options with value 'za' are selected in object 'Object Repository/Page_Swag Labs/select_Name (A to Z)Name (Z to A)Price (low_f7e90a' 

13-03-2025T16:02:45 - [MESSAGE][PASSED] - All options with value 'za' are selected in object 'Object Repository/Page_Swag Labs/select_Name (A to Z)Name (Z to A)Price (low_f7e90a' 

13-03-2025T16:02:45 - [TEST_STEP][PASSED] - selectOptionByValue(findTestObject("Object Repository/Page_Swag Labs/select_Name (A to Z)Name (Z to A)Price (low_f7e90a"), "az", false): All options with value 'az' are selected in object 'Object Repository/Page_Swag Labs/select_Name (A to Z)Name (Z to A)Price (low_f7e90a' 

13-03-2025T16:02:45 - [MESSAGE][PASSED] - All options with value 'az' are selected in object 'Object Repository/Page_Swag Labs/select_Name (A to Z)Name (Z to A)Price (low_f7e90a']]></system-out>
         <system-err><![CDATA[]]></system-err>
      </testcase>
      <testcase name="Test Cases/TS008-About Saucedemo" time="20.659" classname="Test Cases/TS008-About Saucedemo" status="PASSED">
         <system-out><![CDATA[13-03-2025T16:02:45 - [TEST_CASE][PASSED] - Test Cases/TS008-About Saucedemo: Test Cases/TS008-About Saucedemo

13-03-2025T16:02:45 - [TEST_STEP][PASSED] - openBrowser(""): Browser is opened with url: ''

13-03-2025T16:02:45 - [MESSAGE][WARNING] - A browser is already opened. Closing browser and opening a new one

13-03-2025T16:02:45 - [MESSAGE][INFO] - Starting 'Chrome' driver

13-03-2025T16:02:45 - [MESSAGE][INFO] - Action delay is set to 0 milliseconds

13-03-2025T16:02:46 - [MESSAGE][PASSED] - Browser is opened with url: ''

13-03-2025T16:02:46 - [TEST_STEP][PASSED] - navigateToUrl("https://www.saucedemo.com/"): Navigate to 'https://www.saucedemo.com/' successfully

13-03-2025T16:02:47 - [MESSAGE][PASSED] - Navigate to 'https://www.saucedemo.com/' successfully

13-03-2025T16:02:47 - [TEST_STEP][PASSED] - setText(findTestObject("Object Repository/Page_Swag Labs/input_Swag Labs_user-name"), "standard_user"): Text 'standard_user' is set on object 'Object Repository/Page_Swag Labs/input_Swag Labs_user-name'

13-03-2025T16:02:49 - [MESSAGE][PASSED] - Text 'standard_user' is set on object 'Object Repository/Page_Swag Labs/input_Swag Labs_user-name'

13-03-2025T16:02:49 - [TEST_STEP][PASSED] - setText(findTestObject("Object Repository/Page_Swag Labs/input_Swag Labs_password"), "secret_sauce"): Text 'secret_sauce' is set on object 'Object Repository/Page_Swag Labs/input_Swag Labs_password'

13-03-2025T16:02:49 - [MESSAGE][PASSED] - Text 'secret_sauce' is set on object 'Object Repository/Page_Swag Labs/input_Swag Labs_password'

13-03-2025T16:02:49 - [TEST_STEP][PASSED] - click(findTestObject("Object Repository/Page_Swag Labs/input_Swag Labs_login-button")): Object: 'Object Repository/Page_Swag Labs/input_Swag Labs_login-button' is clicked on

13-03-2025T16:02:49 - [MESSAGE][PASSED] - Object: 'Object Repository/Page_Swag Labs/input_Swag Labs_login-button' is clicked on

13-03-2025T16:02:49 - [TEST_STEP][PASSED] - click(findTestObject("Object Repository/Page_Swag Labs/button_Open Menu")): Object: 'Object Repository/Page_Swag Labs/button_Open Menu' is clicked on

13-03-2025T16:02:50 - [MESSAGE][PASSED] - Object: 'Object Repository/Page_Swag Labs/button_Open Menu' is clicked on

13-03-2025T16:02:50 - [TEST_STEP][PASSED] - click(findTestObject("Object Repository/Page_Swag Labs/a_About")): Object: 'Object Repository/Page_Swag Labs/a_About' is clicked on

13-03-2025T16:03:05 - [MESSAGE][PASSED] - Object: 'Object Repository/Page_Swag Labs/a_About' is clicked on

13-03-2025T16:03:05 - [TEST_STEP][PASSED] - navigateToUrl("https://saucelabs.com/"): Navigate to 'https://saucelabs.com/' successfully

13-03-2025T16:03:06 - [MESSAGE][PASSED] - Navigate to 'https://saucelabs.com/' successfully]]></system-out>
         <system-err><![CDATA[]]></system-err>
      </testcase>
      <testcase name="Test Cases/TS009-Close Menu Saucedemo" time="7.715" classname="Test Cases/TS009-Close Menu Saucedemo" status="PASSED">
         <system-out><![CDATA[13-03-2025T16:03:06 - [TEST_CASE][PASSED] - Test Cases/TS009-Close Menu Saucedemo: Test Cases/TS009-Close Menu Saucedemo

13-03-2025T16:03:06 - [TEST_STEP][PASSED] - openBrowser(""): Browser is opened with url: ''

13-03-2025T16:03:06 - [MESSAGE][WARNING] - A browser is already opened. Closing browser and opening a new one

13-03-2025T16:03:06 - [MESSAGE][INFO] - Starting 'Chrome' driver

13-03-2025T16:03:06 - [MESSAGE][INFO] - Action delay is set to 0 milliseconds

13-03-2025T16:03:07 - [MESSAGE][PASSED] - Browser is opened with url: ''

13-03-2025T16:03:07 - [TEST_STEP][PASSED] - navigateToUrl("https://www.saucedemo.com/"): Navigate to 'https://www.saucedemo.com/' successfully

13-03-2025T16:03:07 - [MESSAGE][PASSED] - Navigate to 'https://www.saucedemo.com/' successfully

13-03-2025T16:03:07 - [TEST_STEP][PASSED] - setText(findTestObject("Object Repository/Page_Swag Labs/input_Swag Labs_user-name"), "standard_user"): Text 'standard_user' is set on object 'Object Repository/Page_Swag Labs/input_Swag Labs_user-name'

13-03-2025T16:03:09 - [MESSAGE][PASSED] - Text 'standard_user' is set on object 'Object Repository/Page_Swag Labs/input_Swag Labs_user-name'

13-03-2025T16:03:09 - [TEST_STEP][PASSED] - setText(findTestObject("Object Repository/Page_Swag Labs/input_Swag Labs_password"), "secret_sauce"): Text 'secret_sauce' is set on object 'Object Repository/Page_Swag Labs/input_Swag Labs_password'

13-03-2025T16:03:10 - [MESSAGE][PASSED] - Text 'secret_sauce' is set on object 'Object Repository/Page_Swag Labs/input_Swag Labs_password'

13-03-2025T16:03:10 - [TEST_STEP][PASSED] - click(findTestObject("Object Repository/Page_Swag Labs/input_Swag Labs_login-button")): Object: 'Object Repository/Page_Swag Labs/input_Swag Labs_login-button' is clicked on

13-03-2025T16:03:10 - [MESSAGE][PASSED] - Object: 'Object Repository/Page_Swag Labs/input_Swag Labs_login-button' is clicked on

13-03-2025T16:03:10 - [TEST_STEP][PASSED] - click(findTestObject("Object Repository/Page_Swag Labs/button_Open Menu")): Object: 'Object Repository/Page_Swag Labs/button_Open Menu' is clicked on

13-03-2025T16:03:10 - [MESSAGE][PASSED] - Object: 'Object Repository/Page_Swag Labs/button_Open Menu' is clicked on

13-03-2025T16:03:10 - [TEST_STEP][PASSED] - delay(3): Delayed 3 second(s)

13-03-2025T16:03:14 - [MESSAGE][PASSED] - Delayed 3 second(s)

13-03-2025T16:03:14 - [TEST_STEP][PASSED] - click(findTestObject("Object Repository/Page_Swag Labs/button_Close Menu")): Object: 'Object Repository/Page_Swag Labs/button_Close Menu' is clicked on

13-03-2025T16:03:14 - [MESSAGE][PASSED] - Object: 'Object Repository/Page_Swag Labs/button_Close Menu' is clicked on]]></system-out>
         <system-err><![CDATA[]]></system-err>
      </testcase>
      <testcase name="Test Cases/TS010-Logout Saucedemo" time="9.52" classname="Test Cases/TS010-Logout Saucedemo" status="PASSED">
         <system-out><![CDATA[13-03-2025T16:03:14 - [TEST_CASE][PASSED] - Test Cases/TS010-Logout Saucedemo: Test Cases/TS010-Logout Saucedemo

13-03-2025T16:03:14 - [TEST_STEP][PASSED] - openBrowser(""): Browser is opened with url: ''

13-03-2025T16:03:14 - [MESSAGE][WARNING] - A browser is already opened. Closing browser and opening a new one

13-03-2025T16:03:14 - [MESSAGE][INFO] - Starting 'Chrome' driver

13-03-2025T16:03:14 - [MESSAGE][INFO] - Action delay is set to 0 milliseconds

13-03-2025T16:03:15 - [MESSAGE][PASSED] - Browser is opened with url: ''

13-03-2025T16:03:15 - [TEST_STEP][PASSED] - navigateToUrl("https://www.saucedemo.com/"): Navigate to 'https://www.saucedemo.com/' successfully

13-03-2025T16:03:15 - [MESSAGE][PASSED] - Navigate to 'https://www.saucedemo.com/' successfully

13-03-2025T16:03:15 - [TEST_STEP][PASSED] - setText(findTestObject("Object Repository/Page_Swag Labs/input_Swag Labs_user-name"), "standard_user"): Text 'standard_user' is set on object 'Object Repository/Page_Swag Labs/input_Swag Labs_user-name'

13-03-2025T16:03:17 - [MESSAGE][PASSED] - Text 'standard_user' is set on object 'Object Repository/Page_Swag Labs/input_Swag Labs_user-name'

13-03-2025T16:03:17 - [TEST_STEP][PASSED] - setText(findTestObject("Object Repository/Page_Swag Labs/input_Swag Labs_password"), "secret_sauce"): Text 'secret_sauce' is set on object 'Object Repository/Page_Swag Labs/input_Swag Labs_password'

13-03-2025T16:03:17 - [MESSAGE][PASSED] - Text 'secret_sauce' is set on object 'Object Repository/Page_Swag Labs/input_Swag Labs_password'

13-03-2025T16:03:17 - [TEST_STEP][PASSED] - click(findTestObject("Object Repository/Page_Swag Labs/input_Swag Labs_login-button")): Object: 'Object Repository/Page_Swag Labs/input_Swag Labs_login-button' is clicked on

13-03-2025T16:03:18 - [MESSAGE][PASSED] - Object: 'Object Repository/Page_Swag Labs/input_Swag Labs_login-button' is clicked on

13-03-2025T16:03:18 - [TEST_STEP][PASSED] - delay(5, STOP_ON_FAILURE): Delayed 5 second(s)

13-03-2025T16:03:23 - [MESSAGE][PASSED] - Delayed 5 second(s)

13-03-2025T16:03:23 - [TEST_STEP][PASSED] - click(findTestObject("Object Repository/Page_Swag Labs/button_Open Menu")): Object: 'Object Repository/Page_Swag Labs/button_Open Menu' is clicked on

13-03-2025T16:03:23 - [MESSAGE][PASSED] - Object: 'Object Repository/Page_Swag Labs/button_Open Menu' is clicked on

13-03-2025T16:03:23 - [TEST_STEP][PASSED] - click(findTestObject("Object Repository/Page_Swag Labs/a_Logout")): Object: 'Object Repository/Page_Swag Labs/a_Logout' is clicked on

13-03-2025T16:03:23 - [MESSAGE][PASSED] - Object: 'Object Repository/Page_Swag Labs/a_Logout' is clicked on]]></system-out>
         <system-err><![CDATA[]]></system-err>
      </testcase>
      <system-out><![CDATA[13-03-2025T16:02:03 - [TEST_SUITE][PASSED] - TS001-010: Test Cases/TS010-Logout Saucedemo]]></system-out>
      <system-err><![CDATA[]]></system-err>
   </testsuite>
</testsuites>
