<?xml version="1.0" encoding="UTF-8"?>
<testsuites name="Remove Cart" time="24.199" tests="3" failures="0" errors="0">
   <testsuite name="Remove Cart" tests="3" failures="0" errors="0" time="24.199" skipped="0" timestamp="14-03-2025T13:41:10" hostname="capybara - localhost" id="Test Suites/Test/Remove Cart">
      <properties>
         <property name="deviceName" value=""/>
         <property name="devicePlatform"/>
         <property name="logFolder" value="/Users/capybara/git/Certificate-Katalon/Reports/20250314_134105/Test/Remove Cart/20250314_134105"/>
         <property name="logFiles" value="/Users/capybara/git/Certificate-Katalon/Reports/20250314_134105/Test/Remove Cart/20250314_134105/execution0.log"/>
         <property name="attachments" value=""/>
         <property name="hostName" value="capybara - localhost"/>
         <property name="os" value="Mac OS X 64bit"/>
         <property name="katalonVersion" value="10.1.0.223"/>
         <property name="browser" value="Chrome 134.0.6998.89"/>
         <property name="hostAddress" value="127.0.0.1"/>
         <property name="sessionId" value="94d3ddb84dfa580eab1e677fc0ede46f"/>
         <property name="seleniumVersion" value="4.22.0"/>
         <property name="proxyInformation" value="ProxyInformation { proxyOption=NO_PROXY, proxyServerType=HTTP, username=, password=********, proxyServerAddress=, proxyServerPort=0, executionList=&quot;&quot;, isApplyToDesiredCapabilities=true }"/>
         <property name="platform" value="Mac OS X"/>
      </properties>
      <testcase name="Test Cases/TS001-Login" time="8.066" classname="Test Cases/TS001-Login" status="PASSED">
         <system-out><![CDATA[14-03-2025T13:41:10 - [TEST_CASE][PASSED] - Test Cases/TS001-Login: Test Cases/TS001-Login

14-03-2025T13:41:10 - [TEST_STEP][PASSED] - openBrowser(""): Browser is opened with url: ''

14-03-2025T13:41:10 - [MESSAGE][INFO] - Starting 'Chrome' driver

14-03-2025T13:41:10 - [MESSAGE][INFO] - Action delay is set to 0 milliseconds

14-03-2025T13:41:14 - [MESSAGE][PASSED] - Browser is opened with url: ''

14-03-2025T13:41:14 - [TEST_STEP][PASSED] - navigateToUrl("https://www.saucedemo.com/"): Navigate to 'https://www.saucedemo.com/' successfully

14-03-2025T13:41:15 - [MESSAGE][PASSED] - Navigate to 'https://www.saucedemo.com/' successfully

14-03-2025T13:41:15 - [TEST_STEP][PASSED] - setText(findTestObject("Object Repository/Page_Swag Labs/input_Swag Labs_user-name"), "standard_user"): Text 'standard_user' is set on object 'Object Repository/Page_Swag Labs/input_Swag Labs_user-name'

14-03-2025T13:41:17 - [MESSAGE][PASSED] - Text 'standard_user' is set on object 'Object Repository/Page_Swag Labs/input_Swag Labs_user-name'

14-03-2025T13:41:17 - [TEST_STEP][PASSED] - setText(findTestObject("Object Repository/Page_Swag Labs/input_Swag Labs_password"), "secret_sauce"): Text 'secret_sauce' is set on object 'Object Repository/Page_Swag Labs/input_Swag Labs_password'

14-03-2025T13:41:17 - [MESSAGE][PASSED] - Text 'secret_sauce' is set on object 'Object Repository/Page_Swag Labs/input_Swag Labs_password'

14-03-2025T13:41:17 - [TEST_STEP][PASSED] - click(findTestObject("Object Repository/Page_Swag Labs/input_Swag Labs_login-button")): Object: 'Object Repository/Page_Swag Labs/input_Swag Labs_login-button' is clicked on

14-03-2025T13:41:18 - [MESSAGE][PASSED] - Object: 'Object Repository/Page_Swag Labs/input_Swag Labs_login-button' is clicked on

14-03-2025T13:41:18 - [TEST_STEP][PASSED] - verifyElementPresent(findTestObject("Object Repository/Page_Swag Labs/span_Products"), 0): Object 'Object Repository/Page_Swag Labs/span_Products' is present

14-03-2025T13:41:18 - [MESSAGE][WARNING] - Timeout '0' is invalid. Using default page load timeout: '30'

14-03-2025T13:41:18 - [MESSAGE][PASSED] - Object 'Object Repository/Page_Swag Labs/span_Products' is present]]></system-out>
         <system-err><![CDATA[]]></system-err>
      </testcase>
      <testcase name="Test Cases/TS012-Remove Cart Item Saucedemo" time="6.085" classname="Test Cases/TS012-Remove Cart Item Saucedemo" status="PASSED">
         <system-out><![CDATA[14-03-2025T13:41:18 - [TEST_CASE][PASSED] - Test Cases/TS012-Remove Cart Item Saucedemo: Test Cases/TS012-Remove Cart Item Saucedemo

14-03-2025T13:41:18 - [TEST_STEP][PASSED] - callTestCase(findTestCase("TS001-Login"), [:], STOP_ON_FAILURE): Call Test Case 'Test Cases/TS001-Login' successfully

14-03-2025T13:41:18 - [TEST_CASE][PASSED] - Test Cases/TS001-Login: Test Cases/TS001-Login

14-03-2025T13:41:18 - [TEST_STEP][PASSED] - openBrowser(""): Browser is opened with url: ''

14-03-2025T13:41:18 - [MESSAGE][WARNING] - A browser is already opened. Closing browser and opening a new one

14-03-2025T13:41:18 - [MESSAGE][INFO] - Starting 'Chrome' driver

14-03-2025T13:41:18 - [MESSAGE][INFO] - Action delay is set to 0 milliseconds

14-03-2025T13:41:19 - [MESSAGE][PASSED] - Browser is opened with url: ''

14-03-2025T13:41:19 - [TEST_STEP][PASSED] - navigateToUrl("https://www.saucedemo.com/"): Navigate to 'https://www.saucedemo.com/' successfully

14-03-2025T13:41:20 - [MESSAGE][PASSED] - Navigate to 'https://www.saucedemo.com/' successfully

14-03-2025T13:41:20 - [TEST_STEP][PASSED] - setText(findTestObject("Object Repository/Page_Swag Labs/input_Swag Labs_user-name"), "standard_user"): Text 'standard_user' is set on object 'Object Repository/Page_Swag Labs/input_Swag Labs_user-name'

14-03-2025T13:41:22 - [MESSAGE][PASSED] - Text 'standard_user' is set on object 'Object Repository/Page_Swag Labs/input_Swag Labs_user-name'

14-03-2025T13:41:22 - [TEST_STEP][PASSED] - setText(findTestObject("Object Repository/Page_Swag Labs/input_Swag Labs_password"), "secret_sauce"): Text 'secret_sauce' is set on object 'Object Repository/Page_Swag Labs/input_Swag Labs_password'

14-03-2025T13:41:22 - [MESSAGE][PASSED] - Text 'secret_sauce' is set on object 'Object Repository/Page_Swag Labs/input_Swag Labs_password'

14-03-2025T13:41:22 - [TEST_STEP][PASSED] - click(findTestObject("Object Repository/Page_Swag Labs/input_Swag Labs_login-button")): Object: 'Object Repository/Page_Swag Labs/input_Swag Labs_login-button' is clicked on

14-03-2025T13:41:22 - [MESSAGE][PASSED] - Object: 'Object Repository/Page_Swag Labs/input_Swag Labs_login-button' is clicked on

14-03-2025T13:41:22 - [TEST_STEP][PASSED] - verifyElementPresent(findTestObject("Object Repository/Page_Swag Labs/span_Products"), 0): Object 'Object Repository/Page_Swag Labs/span_Products' is present

14-03-2025T13:41:22 - [MESSAGE][WARNING] - Timeout '0' is invalid. Using default page load timeout: '30'

14-03-2025T13:41:23 - [MESSAGE][PASSED] - Object 'Object Repository/Page_Swag Labs/span_Products' is present

14-03-2025T13:41:23 - [MESSAGE][PASSED] - Call Test Case 'Test Cases/TS001-Login' successfully

14-03-2025T13:41:23 - [TEST_STEP][PASSED] - click(findTestObject("Object Repository/Page_Swag Labs/button_Add to cart")): Object: 'Object Repository/Page_Swag Labs/button_Add to cart' is clicked on

14-03-2025T13:41:23 - [MESSAGE][PASSED] - Object: 'Object Repository/Page_Swag Labs/button_Add to cart' is clicked on

14-03-2025T13:41:23 - [TEST_STEP][PASSED] - click(findTestObject("Object Repository/Page_Swag Labs/span_1")): Object: 'Object Repository/Page_Swag Labs/span_1' is clicked on

14-03-2025T13:41:24 - [MESSAGE][PASSED] - Object: 'Object Repository/Page_Swag Labs/span_1' is clicked on

14-03-2025T13:41:24 - [TEST_STEP][PASSED] - click(findTestObject("Object Repository/Page_Swag Labs/button_Remove")): Object: 'Object Repository/Page_Swag Labs/button_Remove' is clicked on

14-03-2025T13:41:24 - [MESSAGE][PASSED] - Object: 'Object Repository/Page_Swag Labs/button_Remove' is clicked on]]></system-out>
         <system-err><![CDATA[]]></system-err>
      </testcase>
      <testcase name="Test Cases/TS010-Logout Saucedemo" time="9.966" classname="Test Cases/TS010-Logout Saucedemo" status="PASSED">
         <system-out><![CDATA[14-03-2025T13:41:24 - [TEST_CASE][PASSED] - Test Cases/TS010-Logout Saucedemo: Test Cases/TS010-Logout Saucedemo

14-03-2025T13:41:24 - [TEST_STEP][PASSED] - openBrowser(""): Browser is opened with url: ''

14-03-2025T13:41:24 - [MESSAGE][WARNING] - A browser is already opened. Closing browser and opening a new one

14-03-2025T13:41:24 - [MESSAGE][INFO] - Starting 'Chrome' driver

14-03-2025T13:41:24 - [MESSAGE][INFO] - Action delay is set to 0 milliseconds

14-03-2025T13:41:25 - [MESSAGE][PASSED] - Browser is opened with url: ''

14-03-2025T13:41:25 - [TEST_STEP][PASSED] - navigateToUrl("https://www.saucedemo.com/"): Navigate to 'https://www.saucedemo.com/' successfully

14-03-2025T13:41:26 - [MESSAGE][PASSED] - Navigate to 'https://www.saucedemo.com/' successfully

14-03-2025T13:41:26 - [TEST_STEP][PASSED] - setText(findTestObject("Object Repository/Page_Swag Labs/input_Swag Labs_user-name"), "standard_user"): Text 'standard_user' is set on object 'Object Repository/Page_Swag Labs/input_Swag Labs_user-name'

14-03-2025T13:41:28 - [MESSAGE][PASSED] - Text 'standard_user' is set on object 'Object Repository/Page_Swag Labs/input_Swag Labs_user-name'

14-03-2025T13:41:28 - [TEST_STEP][PASSED] - setText(findTestObject("Object Repository/Page_Swag Labs/input_Swag Labs_password"), "secret_sauce"): Text 'secret_sauce' is set on object 'Object Repository/Page_Swag Labs/input_Swag Labs_password'

14-03-2025T13:41:28 - [MESSAGE][PASSED] - Text 'secret_sauce' is set on object 'Object Repository/Page_Swag Labs/input_Swag Labs_password'

14-03-2025T13:41:28 - [TEST_STEP][PASSED] - click(findTestObject("Object Repository/Page_Swag Labs/input_Swag Labs_login-button")): Object: 'Object Repository/Page_Swag Labs/input_Swag Labs_login-button' is clicked on

14-03-2025T13:41:28 - [MESSAGE][PASSED] - Object: 'Object Repository/Page_Swag Labs/input_Swag Labs_login-button' is clicked on

14-03-2025T13:41:28 - [TEST_STEP][PASSED] - delay(5, STOP_ON_FAILURE): Delayed 5 second(s)

14-03-2025T13:41:33 - [MESSAGE][PASSED] - Delayed 5 second(s)

14-03-2025T13:41:33 - [TEST_STEP][PASSED] - click(findTestObject("Object Repository/Page_Swag Labs/button_Open Menu")): Object: 'Object Repository/Page_Swag Labs/button_Open Menu' is clicked on

14-03-2025T13:41:34 - [MESSAGE][PASSED] - Object: 'Object Repository/Page_Swag Labs/button_Open Menu' is clicked on

14-03-2025T13:41:34 - [TEST_STEP][PASSED] - click(findTestObject("Object Repository/Page_Swag Labs/a_Logout")): Object: 'Object Repository/Page_Swag Labs/a_Logout' is clicked on

14-03-2025T13:41:34 - [MESSAGE][PASSED] - Object: 'Object Repository/Page_Swag Labs/a_Logout' is clicked on]]></system-out>
         <system-err><![CDATA[]]></system-err>
      </testcase>
      <system-out><![CDATA[14-03-2025T13:41:10 - [TEST_SUITE][PASSED] - Remove Cart: Test Cases/TS010-Logout Saucedemo]]></system-out>
      <system-err><![CDATA[]]></system-err>
   </testsuite>
</testsuites>
